TN:
SF:src\controllers\auth.controller.js
FN:16,(anonymous_0)
FN:66,(anonymous_1)
FN:124,(anonymous_2)
FNF:3
FNH:1
FNDA:0,(anonymous_0)
FNDA:0,(anonymous_1)
FNDA:2,(anonymous_2)
DA:10,12
DA:11,12
DA:12,12
DA:13,12
DA:16,12
DA:17,0
DA:18,0
DA:20,0
DA:25,0
DA:26,0
DA:27,0
DA:32,0
DA:33,0
DA:35,0
DA:36,0
DA:37,0
DA:43,0
DA:45,0
DA:47,0
DA:61,0
DA:66,12
DA:67,0
DA:68,0
DA:70,0
DA:75,0
DA:76,0
DA:77,0
DA:82,0
DA:83,0
DA:85,0
DA:86,0
DA:87,0
DA:93,0
DA:94,0
DA:100,0
DA:102,0
DA:104,0
DA:117,0
DA:124,12
DA:125,2
DA:126,2
DA:128,2
DA:129,1
DA:136,1
DA:137,1
DA:139,1
DA:140,0
DA:144,1
DA:151,0
DA:152,0
DA:153,0
DA:154,0
DA:156,0
DA:161,0
DA:163,0
DA:164,0
DA:170,0
DA:172,0
DA:174,0
DA:180,0
DA:184,12
LF:61
LH:16
BRDA:25,0,0,0
BRDA:25,0,1,0
BRDA:35,1,0,0
BRDA:35,1,1,0
BRDA:75,2,0,0
BRDA:75,2,1,0
BRDA:85,3,0,0
BRDA:85,3,1,0
BRDA:93,4,0,0
BRDA:93,4,1,0
BRDA:128,5,0,1
BRDA:128,5,1,1
BRDA:139,6,0,0
BRDA:139,6,1,1
BRDA:151,7,0,0
BRDA:151,7,1,0
BRDA:153,8,0,0
BRDA:153,8,1,0
BRDA:163,9,0,0
BRDA:163,9,1,0
BRF:20
BRH:3
end_of_record
TN:
SF:src\controllers\avaliacoes.controller.js
FN:11,(anonymous_0)
FN:112,(anonymous_1)
FNF:2
FNH:2
FNDA:6,(anonymous_0)
FNDA:2,(anonymous_1)
DA:7,12
DA:8,12
DA:11,12
DA:12,6
DA:13,6
DA:15,6
DA:16,0
DA:19,6
DA:20,0
DA:23,6
DA:25,6
DA:26,6
DA:29,6
DA:34,6
DA:35,0
DA:36,0
DA:39,6
DA:41,6
DA:42,1
DA:43,1
DA:46,5
DA:47,0
DA:48,0
DA:53,5
DA:54,5
DA:60,3
DA:63,2
DA:64,2
DA:65,2
DA:67,0
DA:72,3
DA:86,3
DA:88,3
DA:90,3
DA:93,3
DA:94,1
DA:97,3
DA:104,0
DA:105,0
DA:107,6
DA:112,12
DA:113,2
DA:114,2
DA:116,2
DA:117,0
DA:120,2
DA:121,0
DA:124,2
DA:126,2
DA:127,2
DA:130,2
DA:135,2
DA:136,0
DA:137,0
DA:140,2
DA:142,2
DA:143,0
DA:144,0
DA:147,2
DA:148,1
DA:149,1
DA:154,1
DA:155,1
DA:161,1
DA:163,0
DA:164,0
DA:165,0
DA:167,0
DA:171,1
DA:181,1
DA:183,1
DA:185,1
DA:187,1
DA:193,0
DA:194,0
DA:196,2
DA:200,12
LF:77
LH:56
BRDA:12,0,0,5
BRDA:15,1,0,0
BRDA:15,1,1,6
BRDA:15,2,0,6
BRDA:15,2,1,6
BRDA:15,2,2,6
BRDA:19,3,0,0
BRDA:19,3,1,6
BRDA:34,4,0,0
BRDA:34,4,1,6
BRDA:41,5,0,1
BRDA:41,5,1,5
BRDA:46,6,0,0
BRDA:46,6,1,5
BRDA:63,7,0,2
BRDA:63,7,1,0
BRDA:93,8,0,1
BRDA:93,8,1,2
BRDA:113,9,0,2
BRDA:116,10,0,0
BRDA:116,10,1,2
BRDA:116,11,0,2
BRDA:116,11,1,2
BRDA:116,11,2,2
BRDA:120,12,0,0
BRDA:120,12,1,2
BRDA:135,13,0,0
BRDA:135,13,1,2
BRDA:142,14,0,0
BRDA:142,14,1,2
BRDA:147,15,0,1
BRDA:147,15,1,1
BRDA:163,16,0,0
BRDA:163,16,1,0
BRF:34
BRH:23
end_of_record
TN:
SF:src\controllers\categorias.controller.js
FN:3,(anonymous_0)
FNF:1
FNH:0
FNDA:0,(anonymous_0)
DA:1,12
DA:3,12
DA:4,0
DA:5,0
DA:10,0
DA:14,12
LF:6
LH:3
BRF:0
BRH:0
end_of_record
TN:
SF:src\controllers\chamados.controller.js
FN:19,(anonymous_0)
FN:109,(anonymous_1)
FN:148,(anonymous_2)
FN:158,(anonymous_3)
FN:256,(anonymous_4)
FN:264,(anonymous_5)
FN:319,(anonymous_6)
FN:327,(anonymous_7)
FN:406,(anonymous_8)
FN:417,(anonymous_9)
FN:446,(anonymous_10)
FN:476,(anonymous_11)
FN:516,(anonymous_12)
FNF:13
FNH:4
FNDA:5,(anonymous_0)
FNDA:0,(anonymous_1)
FNDA:0,(anonymous_2)
FNDA:9,(anonymous_3)
FNDA:0,(anonymous_4)
FNDA:3,(anonymous_5)
FNDA:0,(anonymous_6)
FNDA:5,(anonymous_7)
FNDA:0,(anonymous_8)
FNDA:0,(anonymous_9)
FNDA:0,(anonymous_10)
FNDA:0,(anonymous_11)
FNDA:0,(anonymous_12)
DA:12,13
DA:13,13
DA:14,13
DA:15,13
DA:16,13
DA:19,13
DA:20,5
DA:21,5
DA:22,5
DA:25,5
DA:31,5
DA:34,5
DA:35,1
DA:36,1
DA:38,4
DA:39,1
DA:40,1
DA:44,3
DA:45,3
DA:48,3
DA:52,3
DA:72,3
DA:79,3
DA:88,3
DA:91,3
DA:92,0
DA:93,0
DA:103,3
DA:104,3
DA:105,3
DA:107,3
DA:109,0
DA:111,0
DA:113,0
DA:115,0
DA:127,0
DA:132,3
DA:134,3
DA:148,2
DA:149,2
DA:151,5
DA:158,13
DA:159,9
DA:160,9
DA:161,9
DA:163,9
DA:164,9
DA:167,9
DA:172,9
DA:173,0
DA:174,0
DA:177,9
DA:178,6
DA:179,6
DA:184,3
DA:197,3
DA:208,3
DA:209,3
DA:211,3
DA:212,3
DA:213,3
DA:214,3
DA:215,3
DA:221,3
DA:224,3
DA:225,3
DA:226,0
DA:237,3
DA:238,3
DA:239,0
DA:240,0
DA:241,0
DA:249,3
DA:251,3
DA:256,0
DA:257,0
DA:259,9
DA:264,13
DA:265,3
DA:266,3
DA:267,3
DA:269,3
DA:270,3
DA:272,3
DA:277,3
DA:278,0
DA:279,0
DA:282,3
DA:283,1
DA:284,1
DA:287,2
DA:288,0
DA:289,0
DA:292,2
DA:301,2
DA:303,2
DA:304,2
DA:305,0
DA:312,2
DA:314,2
DA:319,0
DA:320,0
DA:322,3
DA:327,13
DA:328,5
DA:329,5
DA:330,5
DA:332,5
DA:333,5
DA:334,5
DA:336,5
DA:341,5
DA:342,0
DA:343,0
DA:346,5
DA:347,1
DA:348,1
DA:351,4
DA:352,2
DA:353,2
DA:356,2
DA:357,0
DA:358,0
DA:361,2
DA:362,2
DA:365,2
DA:366,2
DA:367,2
DA:368,0
DA:369,0
DA:375,2
DA:385,2
DA:387,2
DA:388,2
DA:389,0
DA:399,2
DA:401,2
DA:406,0
DA:407,0
DA:409,5
DA:417,13
DA:418,0
DA:419,0
DA:421,0
DA:432,0
DA:433,0
DA:436,0
DA:438,0
DA:440,0
DA:446,13
DA:447,0
DA:448,0
DA:450,0
DA:462,0
DA:463,0
DA:466,0
DA:468,0
DA:470,0
DA:476,13
DA:477,0
DA:478,0
DA:479,0
DA:480,0
DA:482,0
DA:488,0
DA:490,0
DA:491,0
DA:492,0
DA:495,0
DA:496,0
DA:498,0
DA:499,0
DA:500,0
DA:501,0
DA:503,0
DA:512,0
DA:516,13
DA:517,0
DA:518,0
DA:520,0
DA:522,0
DA:530,0
DA:531,0
DA:536,0
DA:538,0
DA:543,0
DA:544,0
DA:548,13
LF:188
LH:114
BRDA:34,0,0,1
BRDA:34,0,1,4
BRDA:34,1,0,5
BRDA:34,1,1,5
BRDA:34,1,2,4
BRDA:34,1,3,4
BRDA:38,2,0,1
BRDA:38,2,1,3
BRDA:38,3,0,4
BRDA:38,3,1,3
BRDA:45,4,0,3
BRDA:45,4,1,1
BRDA:91,5,0,0
BRDA:91,5,1,3
BRDA:107,6,0,0
BRDA:107,6,1,3
BRDA:107,7,0,3
BRDA:107,7,1,0
BRDA:113,8,0,0
BRDA:113,8,1,0
BRDA:172,9,0,0
BRDA:172,9,1,9
BRDA:177,10,0,6
BRDA:177,10,1,3
BRDA:211,11,0,3
BRDA:211,11,1,0
BRDA:213,12,0,3
BRDA:213,12,1,0
BRDA:215,13,0,0
BRDA:215,13,1,3
BRDA:225,14,0,0
BRDA:225,14,1,3
BRDA:238,15,0,0
BRDA:238,15,1,3
BRDA:238,16,0,3
BRDA:238,16,1,0
BRDA:240,17,0,0
BRDA:240,17,1,0
BRDA:277,18,0,0
BRDA:277,18,1,3
BRDA:282,19,0,1
BRDA:282,19,1,2
BRDA:287,20,0,0
BRDA:287,20,1,2
BRDA:304,21,0,0
BRDA:304,21,1,2
BRDA:341,22,0,0
BRDA:341,22,1,5
BRDA:346,23,0,1
BRDA:346,23,1,4
BRDA:351,24,0,2
BRDA:351,24,1,2
BRDA:356,25,0,0
BRDA:356,25,1,2
BRDA:356,26,0,2
BRDA:356,26,1,2
BRDA:365,27,0,2
BRDA:365,27,1,0
BRDA:365,28,0,2
BRDA:365,28,1,2
BRDA:367,29,0,0
BRDA:367,29,1,2
BRDA:367,30,0,2
BRDA:367,30,1,2
BRDA:388,31,0,0
BRDA:388,31,1,2
BRDA:432,32,0,0
BRDA:432,32,1,0
BRDA:462,33,0,0
BRDA:462,33,1,0
BRDA:479,34,0,0
BRDA:480,35,0,0
BRDA:480,35,1,0
BRDA:490,36,0,0
BRDA:490,36,1,0
BRDA:500,37,0,0
BRDA:500,37,1,0
BRDA:501,38,0,0
BRDA:501,38,1,0
BRDA:530,39,0,0
BRDA:530,39,1,0
BRF:81
BRH:44
end_of_record
TN:
SF:src\controllers\clientes.controller.js
FN:12,(anonymous_0)
FNF:1
FNH:1
FNDA:1,(anonymous_0)
DA:6,12
DA:7,12
DA:8,12
DA:10,12
DA:12,12
DA:13,1
DA:14,1
DA:15,1
DA:17,1
DA:24,1
DA:26,1
DA:31,0
DA:35,12
LF:13
LH:12
BRF:0
BRH:0
end_of_record
TN:
SF:src\controllers\pagamentos.controller.js
FN:8,(anonymous_0)
FN:27,(anonymous_1)
FN:147,(anonymous_2)
FNF:3
FNH:1
FNDA:0,(anonymous_0)
FNDA:0,(anonymous_1)
FNDA:9,(anonymous_2)
DA:1,12
DA:2,12
DA:3,12
DA:4,12
DA:5,12
DA:8,12
DA:9,0
DA:10,0
DA:12,0
DA:13,0
DA:16,0
DA:18,0
DA:23,0
DA:27,12
DA:28,0
DA:29,0
DA:30,0
DA:33,0
DA:38,0
DA:39,0
DA:42,0
DA:44,0
DA:45,0
DA:49,0
DA:50,0
DA:51,0
DA:53,0
DA:58,0
DA:59,0
DA:61,0
DA:64,0
DA:66,0
DA:79,0
DA:80,0
DA:81,0
DA:83,0
DA:90,0
DA:93,0
DA:108,0
DA:109,0
DA:112,0
DA:113,0
DA:114,0
DA:115,0
DA:116,0
DA:117,0
DA:125,0
DA:134,0
DA:137,0
DA:138,0
DA:143,0
DA:147,12
DA:148,9
DA:149,9
DA:152,9
DA:153,1
DA:154,8
DA:155,3
DA:156,5
DA:157,1
DA:160,9
DA:161,5
DA:163,5
DA:165,5
DA:171,5
DA:172,5
DA:173,5
DA:175,5
DA:178,5
DA:181,5
DA:182,5
DA:183,5
DA:184,0
DA:185,0
DA:186,0
DA:194,0
DA:197,9
DA:199,0
DA:200,0
DA:204,12
LF:80
LH:30
BRDA:12,0,0,0
BRDA:12,0,1,0
BRDA:38,1,0,0
BRDA:38,1,1,0
BRDA:44,2,0,0
BRDA:44,2,1,0
BRDA:58,3,0,0
BRDA:58,3,1,0
BRDA:64,4,0,0
BRDA:64,4,1,0
BRDA:68,5,0,0
BRDA:68,5,1,0
BRDA:69,6,0,0
BRDA:69,6,1,0
BRDA:71,7,0,0
BRDA:71,7,1,0
BRDA:74,8,0,0
BRDA:74,8,1,0
BRDA:79,9,0,0
BRDA:79,9,1,0
BRDA:80,10,0,0
BRDA:80,10,1,0
BRDA:81,11,0,0
BRDA:81,11,1,0
BRDA:108,12,0,0
BRDA:108,12,1,0
BRDA:114,13,0,0
BRDA:114,13,1,0
BRDA:114,14,0,0
BRDA:114,14,1,0
BRDA:116,15,0,0
BRDA:116,15,1,0
BRDA:137,16,0,0
BRDA:137,16,1,0
BRDA:137,17,0,0
BRDA:137,17,1,0
BRDA:152,18,0,1
BRDA:152,18,1,8
BRDA:152,19,0,9
BRDA:152,19,1,1
BRDA:154,20,0,3
BRDA:154,20,1,5
BRDA:154,21,0,8
BRDA:154,21,1,3
BRDA:156,22,0,1
BRDA:156,22,1,4
BRDA:156,23,0,5
BRDA:156,23,1,1
BRDA:160,24,0,5
BRDA:160,24,1,4
BRDA:163,25,0,5
BRDA:163,25,1,0
BRDA:171,26,0,5
BRDA:171,26,1,0
BRDA:183,27,0,0
BRDA:183,27,1,5
BRDA:183,28,0,5
BRDA:183,28,1,0
BRDA:185,29,0,0
BRDA:185,29,1,0
BRF:60
BRH:18
end_of_record
TN:
SF:src\controllers\profissionais.controller.js
FN:17,(anonymous_0)
FN:66,(anonymous_1)
FN:100,(anonymous_2)
FN:125,(anonymous_3)
FN:158,(anonymous_4)
FNF:5
FNH:1
FNDA:0,(anonymous_0)
FNDA:0,(anonymous_1)
FNDA:2,(anonymous_2)
FNDA:0,(anonymous_3)
FNDA:0,(anonymous_4)
DA:10,12
DA:11,12
DA:12,12
DA:14,12
DA:17,12
DA:18,0
DA:19,0
DA:20,0
DA:22,0
DA:27,0
DA:28,0
DA:30,0
DA:31,0
DA:32,0
DA:33,0
DA:37,0
DA:38,0
DA:39,0
DA:40,0
DA:43,0
DA:44,0
DA:46,0
DA:47,0
DA:48,0
DA:49,0
DA:51,0
DA:61,0
DA:66,12
DA:67,0
DA:68,0
DA:69,0
DA:76,0
DA:77,0
DA:81,0
DA:90,0
DA:95,0
DA:100,12
DA:101,2
DA:102,2
DA:103,2
DA:105,2
DA:113,1
DA:115,1
DA:120,1
DA:125,12
DA:126,0
DA:127,0
DA:128,0
DA:130,0
DA:131,0
DA:132,0
DA:134,0
DA:135,0
DA:136,0
DA:137,0
DA:139,0
DA:140,0
DA:143,0
DA:144,0
DA:146,0
DA:154,0
DA:155,0
DA:158,0
DA:159,0
DA:164,0
DA:168,12
LF:66
LH:16
BRDA:19,0,0,0
BRDA:20,1,0,0
BRDA:20,1,1,0
BRDA:30,2,0,0
BRDA:30,2,1,0
BRDA:37,3,0,0
BRDA:37,3,1,0
BRDA:37,4,0,0
BRDA:37,4,1,0
BRDA:48,5,0,0
BRDA:48,5,1,0
BRDA:49,6,0,0
BRDA:49,6,1,0
BRDA:55,7,0,0
BRDA:55,7,1,0
BRDA:55,8,0,0
BRDA:55,8,1,0
BRDA:56,9,0,0
BRDA:56,9,1,0
BRDA:56,10,0,0
BRDA:56,10,1,0
BRDA:76,11,0,0
BRDA:76,11,1,0
BRDA:134,12,0,0
BRDA:134,12,1,0
BRDA:135,13,0,0
BRDA:135,13,1,0
BRDA:136,14,0,0
BRDA:136,14,1,0
BRDA:137,15,0,0
BRDA:137,15,1,0
BRDA:139,16,0,0
BRDA:139,16,1,0
BRDA:154,17,0,0
BRDA:154,17,1,0
BRF:35
BRH:0
end_of_record
TN:
SF:src\middlewares\authCliente.js
FN:9,(anonymous_0)
FNF:1
FNH:1
FNDA:24,(anonymous_0)
DA:6,12
DA:7,12
DA:9,12
DA:10,24
DA:11,24
DA:13,24
DA:14,5
DA:19,19
DA:21,19
DA:23,14
DA:24,5
DA:29,9
DA:30,9
DA:34,5
DA:35,2
DA:40,3
DA:46,12
LF:17
LH:17
BRDA:13,0,0,5
BRDA:13,0,1,19
BRDA:13,1,0,24
BRDA:13,1,1,21
BRDA:23,2,0,5
BRDA:23,2,1,9
BRDA:34,3,0,2
BRDA:34,3,1,3
BRF:8
BRH:8
end_of_record
TN:
SF:src\middlewares\authProfissional.js
FN:9,(anonymous_0)
FNF:1
FNH:1
FNDA:24,(anonymous_0)
DA:6,12
DA:7,12
DA:9,12
DA:10,24
DA:11,24
DA:13,24
DA:14,1
DA:19,23
DA:21,23
DA:23,22
DA:24,3
DA:29,19
DA:30,19
DA:34,1
DA:35,1
DA:40,0
DA:46,12
LF:17
LH:16
BRDA:13,0,0,1
BRDA:13,0,1,23
BRDA:13,1,0,24
BRDA:13,1,1,23
BRDA:23,2,0,3
BRDA:23,2,1,19
BRDA:34,3,0,1
BRDA:34,3,1,0
BRF:8
BRH:7
end_of_record
TN:
SF:src\middlewares\errorHandler.js
FN:20,(anonymous_0)
FN:28,(anonymous_1)
FNF:2
FNH:2
FNDA:2,(anonymous_0)
FNDA:1,(anonymous_1)
DA:7,13
DA:10,13
DA:21,2
DA:22,2
DA:23,2
DA:28,13
DA:30,1
DA:31,1
DA:32,1
DA:36,0
DA:37,0
DA:41,0
DA:42,0
DA:47,0
DA:53,0
DA:54,0
DA:61,13
LF:17
LH:10
BRDA:20,0,0,0
BRDA:30,1,0,1
BRDA:30,1,1,0
BRDA:30,2,0,1
BRDA:30,2,1,1
BRDA:36,3,0,0
BRDA:36,3,1,0
BRDA:41,4,0,0
BRDA:41,4,1,0
BRDA:57,5,0,0
BRDA:57,5,1,0
BRF:11
BRH:3
end_of_record
TN:
SF:src\middlewares\validators\chamadoValidator.js
FN:8,(anonymous_0)
FNF:1
FNH:1
FNDA:3,(anonymous_0)
DA:6,12
DA:8,12
DA:9,3
DA:10,3
DA:13,3
DA:14,0
DA:18,3
DA:19,0
DA:23,3
DA:24,0
DA:25,3
DA:26,0
DA:30,3
DA:31,0
DA:32,3
DA:33,0
DA:36,3
DA:37,0
DA:41,3
DA:42,3
DA:44,3
DA:47,12
LF:22
LH:15
BRDA:13,0,0,0
BRDA:13,0,1,3
BRDA:13,1,0,3
BRDA:13,1,1,3
BRDA:18,2,0,0
BRDA:18,2,1,3
BRDA:18,3,0,3
BRDA:18,3,1,3
BRDA:23,4,0,0
BRDA:23,4,1,3
BRDA:23,5,0,3
BRDA:23,5,1,3
BRDA:25,6,0,0
BRDA:25,6,1,3
BRDA:25,7,0,3
BRDA:25,7,1,3
BRDA:25,7,2,3
BRDA:30,8,0,0
BRDA:30,8,1,3
BRDA:30,9,0,3
BRDA:30,9,1,3
BRDA:32,10,0,0
BRDA:32,10,1,3
BRDA:32,11,0,3
BRDA:32,11,1,3
BRDA:32,11,2,3
BRDA:36,12,0,0
BRDA:36,12,1,3
BRF:28
BRH:21
end_of_record
TN:
SF:src\middlewares\validators\clienteValidator.js
FN:11,(anonymous_0)
FN:41,(anonymous_1)
FN:46,(anonymous_2)
FN:52,(anonymous_3)
FN:60,(anonymous_4)
FNF:5
FNH:5
FNDA:1,(anonymous_0)
FNDA:1,(anonymous_1)
FNDA:1,(anonymous_2)
FNDA:1,(anonymous_3)
FNDA:1,(anonymous_4)
DA:7,12
DA:11,12
DA:13,1
DA:15,1
DA:18,1
DA:21,1
DA:22,1
DA:23,9
DA:25,1
DA:26,1
DA:27,1
DA:30,1
DA:31,1
DA:32,10
DA:34,1
DA:35,1
DA:36,1
DA:38,1
DA:41,12
DA:43,1
DA:46,12
DA:48,1
DA:49,1
DA:52,12
DA:55,1
DA:60,12
DA:61,1
DA:63,1
DA:66,1
DA:67,0
DA:70,1
DA:71,0
DA:72,1
DA:73,0
DA:76,1
DA:77,0
DA:78,1
DA:79,0
DA:82,1
DA:83,0
DA:84,1
DA:85,0
DA:88,1
DA:89,0
DA:90,1
DA:91,0
DA:95,1
DA:97,0
DA:101,1
DA:102,1
DA:103,1
DA:105,1
DA:108,12
LF:53
LH:43
BRDA:15,0,0,0
BRDA:15,0,1,1
BRDA:18,1,0,0
BRDA:18,1,1,1
BRDA:26,2,0,0
BRDA:26,2,1,1
BRDA:27,3,0,0
BRDA:27,3,1,1
BRDA:35,4,0,0
BRDA:35,4,1,1
BRDA:36,5,0,0
BRDA:36,5,1,1
BRDA:49,6,0,1
BRDA:49,6,1,1
BRDA:55,7,0,1
BRDA:55,7,1,1
BRDA:55,7,2,1
BRDA:66,8,0,0
BRDA:66,8,1,1
BRDA:66,9,0,1
BRDA:66,9,1,1
BRDA:70,10,0,0
BRDA:70,10,1,1
BRDA:72,11,0,0
BRDA:72,11,1,1
BRDA:76,12,0,0
BRDA:76,12,1,1
BRDA:78,13,0,0
BRDA:78,13,1,1
BRDA:82,14,0,0
BRDA:82,14,1,1
BRDA:84,15,0,0
BRDA:84,15,1,1
BRDA:88,16,0,0
BRDA:88,16,1,1
BRDA:90,17,0,0
BRDA:90,17,1,1
BRDA:95,18,0,0
BRDA:95,18,1,1
BRF:39
BRH:23
end_of_record
TN:
SF:src\middlewares\validators\loginValidator.js
FN:8,(anonymous_0)
FNF:1
FNH:0
FNDA:0,(anonymous_0)
DA:6,12
DA:8,12
DA:9,0
DA:10,0
DA:12,0
DA:13,0
DA:14,0
DA:15,0
DA:18,0
DA:19,0
DA:22,0
DA:23,0
DA:27,0
DA:29,0
DA:32,12
LF:15
LH:3
BRDA:12,0,0,0
BRDA:12,0,1,0
BRDA:12,1,0,0
BRDA:12,1,1,0
BRDA:12,1,2,0
BRDA:14,2,0,0
BRDA:14,2,1,0
BRDA:18,3,0,0
BRDA:18,3,1,0
BRDA:18,4,0,0
BRDA:18,4,1,0
BRDA:18,4,2,0
BRDA:22,5,0,0
BRDA:22,5,1,0
BRF:14
BRH:0
end_of_record
TN:
SF:src\middlewares\validators\profissionalValidator.js
FN:25,(anonymous_0)
FN:29,(anonymous_1)
FN:34,(anonymous_2)
FN:38,(anonymous_3)
FN:44,(anonymous_4)
FNF:5
FNH:5
FNDA:2,(anonymous_0)
FNDA:2,(anonymous_1)
FNDA:2,(anonymous_2)
FNDA:2,(anonymous_3)
FNDA:2,(anonymous_4)
DA:6,12
DA:9,12
DA:25,12
DA:26,2
DA:29,12
DA:30,2
DA:31,2
DA:34,12
DA:35,2
DA:38,12
DA:39,2
DA:41,2
DA:44,12
DA:45,2
DA:46,2
DA:49,2
DA:50,0
DA:54,2
DA:55,0
DA:56,2
DA:57,0
DA:61,2
DA:62,0
DA:63,2
DA:64,0
DA:68,2
DA:69,0
DA:70,2
DA:71,0
DA:75,2
DA:76,0
DA:77,2
DA:78,0
DA:82,2
DA:83,0
DA:84,2
DA:85,0
DA:88,2
DA:89,0
DA:93,2
DA:94,2
DA:95,2
DA:97,2
DA:100,12
LF:44
LH:32
BRDA:31,0,0,2
BRDA:31,0,1,2
BRDA:35,1,0,2
BRDA:35,1,1,2
BRDA:35,1,2,2
BRDA:41,2,0,2
BRDA:41,2,1,2
BRDA:49,3,0,0
BRDA:49,3,1,2
BRDA:49,4,0,2
BRDA:49,4,1,2
BRDA:54,5,0,0
BRDA:54,5,1,2
BRDA:56,6,0,0
BRDA:56,6,1,2
BRDA:61,7,0,0
BRDA:61,7,1,2
BRDA:63,8,0,0
BRDA:63,8,1,2
BRDA:68,9,0,0
BRDA:68,9,1,2
BRDA:70,10,0,0
BRDA:70,10,1,2
BRDA:75,11,0,0
BRDA:75,11,1,2
BRDA:77,12,0,0
BRDA:77,12,1,2
BRDA:82,13,0,0
BRDA:82,13,1,2
BRDA:84,14,0,0
BRDA:84,14,1,2
BRDA:88,15,0,0
BRDA:88,15,1,2
BRF:33
BRH:21
end_of_record
TN:
SF:src\utils\constants.js
FNF:0
FNH:0
DA:5,14
DA:8,14
DA:17,14
DA:25,14
LF:4
LH:4
BRF:0
BRH:0
end_of_record
TN:
SF:src\utils\jwt.js
FN:18,(anonymous_0)
FN:29,(anonymous_1)
FN:41,(anonymous_2)
FN:49,(anonymous_3)
FN:57,(anonymous_4)
FNF:5
FNH:3
FNDA:10,(anonymous_0)
FNDA:0,(anonymous_1)
FNDA:1,(anonymous_2)
FNDA:0,(anonymous_3)
FNDA:10,(anonymous_4)
DA:10,12
DA:12,12
DA:13,12
DA:18,12
DA:19,10
DA:29,12
DA:30,0
DA:31,0
DA:41,12
DA:42,1
DA:43,1
DA:49,12
DA:50,0
DA:57,12
DA:59,12
LF:15
LH:12
BRDA:30,0,0,0
BRDA:30,0,1,0
BRDA:42,1,0,1
BRDA:42,1,1,0
BRF:4
BRH:1
end_of_record
TN:
SF:src\utils\precificador.js
FN:46,(anonymous_0)
FN:52,(anonymous_1)
FN:65,(anonymous_2)
FN:69,(anonymous_3)
FN:73,(anonymous_4)
FN:101,(anonymous_5)
FN:106,(anonymous_6)
FNF:7
FNH:7
FNDA:23,(anonymous_0)
FNDA:46,(anonymous_1)
FNDA:72,(anonymous_2)
FNDA:80,(anonymous_3)
FNDA:58,(anonymous_4)
FNDA:160,(anonymous_5)
FNDA:157,(anonymous_6)
DA:6,14
DA:8,14
DA:36,14
DA:37,14
DA:46,14
DA:48,23
DA:51,23
DA:52,46
DA:55,23
DA:56,23
DA:57,23
DA:58,23
DA:61,23
DA:62,20
DA:65,72
DA:66,2
DA:69,80
DA:70,2
DA:73,58
DA:74,5
DA:77,20
DA:78,2
DA:79,2
DA:80,2
DA:81,18
DA:82,2
DA:83,2
DA:84,2
DA:85,16
DA:86,5
DA:87,5
DA:88,5
DA:91,11
DA:92,11
DA:93,11
DA:98,23
DA:99,23
DA:101,160
DA:102,4
DA:103,4
DA:106,157
DA:107,1
DA:108,1
DA:111,23
DA:112,23
DA:115,23
DA:116,23
DA:119,23
DA:120,23
DA:122,23
DA:124,23
DA:134,14
LF:52
LH:52
BRDA:48,0,0,23
BRDA:48,0,1,3
BRDA:52,1,0,23
BRDA:52,1,1,3
BRDA:61,2,0,20
BRDA:61,2,1,3
BRDA:65,3,0,2
BRDA:65,3,1,18
BRDA:69,4,0,2
BRDA:69,4,1,16
BRDA:73,5,0,5
BRDA:73,5,1,11
BRDA:77,6,0,2
BRDA:77,6,1,18
BRDA:81,7,0,2
BRDA:81,7,1,16
BRDA:85,8,0,5
BRDA:85,8,1,11
BRDA:101,9,0,4
BRDA:101,9,1,19
BRDA:106,10,0,1
BRDA:106,10,1,22
BRF:22
BRH:22
end_of_record
